2020-12-03 00:46:37.242 [main] INFO  com.example.demo.DemoApplication - Starting DemoApplication v0.0.1-SNAPSHOT using Java 1.8.0_152 on DESKTOP-GMO2NHC with PID 12988 (F:\demo\target\demo-0.0.1-SNAPSHOT.jar started by Administrator in F:\demo\target)
2020-12-03 00:46:37.247 [main] INFO  com.example.demo.DemoApplication - No active profile set, falling back to default profiles: default
2020-12-03 00:46:39.831 [main] INFO  o.s.c.s.PostProcessorRegistrationDelegate$BeanPostProcessorChecker - Bean 'org.springframework.ws.config.annotation.DelegatingWsConfiguration' of type [org.springframework.ws.config.annotation.DelegatingWsConfiguration$$EnhancerBySpringCGLIB$$12118c25] is not eligible for getting processed by all BeanPostProcessors (for example: not eligible for auto-proxying)
2020-12-03 00:46:39.936 [main] INFO  o.s.w.s.a.server.AnnotationActionEndpointMapping - Supporting [WS-Addressing August 2004, WS-Addressing 1.0]
2020-12-03 00:46:40.981 [main] INFO  o.s.boot.web.embedded.tomcat.TomcatWebServer - Tomcat initialized with port(s): 8080 (http)
2020-12-03 00:46:41.001 [main] INFO  org.apache.coyote.http11.Http11NioProtocol - Initializing ProtocolHandler ["http-nio-8080"]
2020-12-03 00:46:41.003 [main] INFO  org.apache.catalina.core.StandardService - Starting service [Tomcat]
2020-12-03 00:46:41.004 [main] INFO  org.apache.catalina.core.StandardEngine - Starting Servlet engine: [Apache Tomcat/9.0.39]
2020-12-03 00:46:41.187 [main] INFO  o.a.c.core.ContainerBase.[Tomcat].[localhost].[/] - Initializing Spring embedded WebApplicationContext
2020-12-03 00:46:41.187 [main] INFO  o.s.b.w.s.c.ServletWebServerApplicationContext - Root WebApplicationContext: initialization completed in 3801 ms
2020-12-03 00:46:42.149 [main] INFO  s.d.s.w.PropertySourcedRequestMappingHandlerMapping - Mapped URL path [/v2/api-docs] onto method [springfox.documentation.swagger2.web.Swagger2Controller#getDocumentation(String, HttpServletRequest)]
2020-12-03 00:46:42.450 [main] INFO  o.s.scheduling.concurrent.ThreadPoolTaskExecutor - Initializing ExecutorService 'applicationTaskExecutor'
2020-12-03 00:46:43.051 [main] INFO  org.apache.coyote.http11.Http11NioProtocol - Starting ProtocolHandler ["http-nio-8080"]
2020-12-03 00:46:43.158 [main] INFO  o.s.boot.web.embedded.tomcat.TomcatWebServer - Tomcat started on port(s): 8080 (http) with context path ''
2020-12-03 00:46:43.161 [main] INFO  s.d.s.web.plugins.DocumentationPluginsBootstrapper - Context refreshed
2020-12-03 00:46:43.236 [main] INFO  s.d.s.web.plugins.DocumentationPluginsBootstrapper - Found 1 custom documentation plugin(s)
2020-12-03 00:46:43.352 [main] INFO  s.d.spring.web.scanners.ApiListingReferenceScanner - Scanning for api listing references
2020-12-03 00:46:43.820 [main] INFO  s.d.s.w.r.operation.CachingOperationNameGenerator - Generating unique operation named: post3UsingPOST_1
2020-12-03 00:46:43.922 [main] INFO  com.example.demo.DemoApplication - Started DemoApplication in 7.737 seconds (JVM running for 8.584)
2020-12-03 00:47:04.866 [http-nio-8080-exec-1] INFO  o.a.c.core.ContainerBase.[Tomcat].[localhost].[/] - Initializing Spring DispatcherServlet 'dispatcherServlet'
2020-12-03 00:47:04.866 [http-nio-8080-exec-1] INFO  org.springframework.web.servlet.DispatcherServlet - Initializing Servlet 'dispatcherServlet'
2020-12-03 00:47:04.871 [http-nio-8080-exec-1] INFO  org.springframework.web.servlet.DispatcherServlet - Completed initialization in 2 ms
2020-12-03 12:46:42.653 [main] INFO  com.example.demo.DemoApplication - Starting DemoApplication v0.0.1-SNAPSHOT using Java 1.8.0_152 on DESKTOP-GMO2NHC with PID 14544 (F:\Tests\target\demo-0.0.1-SNAPSHOT.jar started by Administrator in F:\Tests\target)
2020-12-03 12:46:42.686 [main] INFO  com.example.demo.DemoApplication - No active profile set, falling back to default profiles: default
2020-12-03 12:46:45.565 [main] INFO  o.s.c.s.PostProcessorRegistrationDelegate$BeanPostProcessorChecker - Bean 'org.springframework.ws.config.annotation.DelegatingWsConfiguration' of type [org.springframework.ws.config.annotation.DelegatingWsConfiguration$$EnhancerBySpringCGLIB$$75193990] is not eligible for getting processed by all BeanPostProcessors (for example: not eligible for auto-proxying)
2020-12-03 12:46:45.690 [main] INFO  o.s.w.s.a.server.AnnotationActionEndpointMapping - Supporting [WS-Addressing August 2004, WS-Addressing 1.0]
2020-12-03 12:46:47.006 [main] INFO  o.s.boot.web.embedded.tomcat.TomcatWebServer - Tomcat initialized with port(s): 8080 (http)
2020-12-03 12:46:47.028 [main] INFO  org.apache.coyote.http11.Http11NioProtocol - Initializing ProtocolHandler ["http-nio-8080"]
2020-12-03 12:46:47.030 [main] INFO  org.apache.catalina.core.StandardService - Starting service [Tomcat]
2020-12-03 12:46:47.030 [main] INFO  org.apache.catalina.core.StandardEngine - Starting Servlet engine: [Apache Tomcat/9.0.39]
2020-12-03 12:46:47.210 [main] INFO  o.a.c.core.ContainerBase.[Tomcat].[localhost].[/] - Initializing Spring embedded WebApplicationContext
2020-12-03 12:46:47.211 [main] INFO  o.s.b.w.s.c.ServletWebServerApplicationContext - Root WebApplicationContext: initialization completed in 4393 ms
2020-12-03 12:46:49.044 [main] INFO  s.d.s.w.PropertySourcedRequestMappingHandlerMapping - Mapped URL path [/v2/api-docs] onto method [springfox.documentation.swagger2.web.Swagger2Controller#getDocumentation(String, HttpServletRequest)]
2020-12-03 12:46:49.298 [main] INFO  o.s.scheduling.concurrent.ThreadPoolTaskExecutor - Initializing ExecutorService 'applicationTaskExecutor'
2020-12-03 12:46:50.057 [main] INFO  org.apache.coyote.http11.Http11NioProtocol - Starting ProtocolHandler ["http-nio-8080"]
2020-12-03 12:46:50.156 [main] INFO  o.s.boot.web.embedded.tomcat.TomcatWebServer - Tomcat started on port(s): 8080 (http) with context path ''
2020-12-03 12:46:50.158 [main] INFO  s.d.s.web.plugins.DocumentationPluginsBootstrapper - Context refreshed
2020-12-03 12:46:50.213 [main] INFO  s.d.s.web.plugins.DocumentationPluginsBootstrapper - Found 1 custom documentation plugin(s)
2020-12-03 12:46:50.347 [main] INFO  s.d.spring.web.scanners.ApiListingReferenceScanner - Scanning for api listing references
2020-12-03 12:46:50.769 [main] INFO  s.d.s.w.r.operation.CachingOperationNameGenerator - Generating unique operation named: post3UsingPOST_1
2020-12-03 12:46:50.840 [main] INFO  com.example.demo.DemoApplication - Started DemoApplication in 9.245 seconds (JVM running for 10.972)
2020-12-03 12:46:59.639 [http-nio-8080-exec-2] INFO  o.a.c.core.ContainerBase.[Tomcat].[localhost].[/] - Initializing Spring DispatcherServlet 'dispatcherServlet'
2020-12-03 12:46:59.640 [http-nio-8080-exec-2] INFO  org.springframework.web.servlet.DispatcherServlet - Initializing Servlet 'dispatcherServlet'
2020-12-03 12:46:59.645 [http-nio-8080-exec-2] INFO  org.springframework.web.servlet.DispatcherServlet - Completed initialization in 2 ms
2020-12-03 12:47:23.688 [http-nio-8080-exec-10] INFO  c.e.d.s.i.impl.ImageRecognitionImpl - {"True":"15条数据已被处理","False":"0条数据处理失败"}
