2020-12-03 00:13:37.279 [main] INFO  com.example.demo.DemoApplicationTests - Starting DemoApplicationTests using Java 1.8.0_152 on DESKTOP-GMO2NHC with PID 14916 (started by Administrator in F:\demo)
2020-12-03 00:13:37.630 [main] INFO  com.example.demo.DemoApplicationTests - No active profile set, falling back to default profiles: default
2020-12-03 00:13:39.481 [main] INFO  o.s.c.s.PostProcessorRegistrationDelegate$BeanPostProcessorChecker - Bean 'org.springframework.ws.config.annotation.DelegatingWsConfiguration' of type [org.springframework.ws.config.annotation.DelegatingWsConfiguration$$EnhancerBySpringCGLIB$$d6128636] is not eligible for getting processed by all BeanPostProcessors (for example: not eligible for auto-proxying)
2020-12-03 00:13:39.581 [main] INFO  o.s.w.s.a.server.AnnotationActionEndpointMapping - Supporting [WS-Addressing August 2004, WS-Addressing 1.0]
2020-12-03 00:13:40.951 [main] INFO  s.d.s.w.PropertySourcedRequestMappingHandlerMapping - Mapped URL path [/v2/api-docs] onto method [springfox.documentation.swagger2.web.Swagger2Controller#getDocumentation(String, HttpServletRequest)]
2020-12-03 00:13:41.629 [main] INFO  o.s.scheduling.concurrent.ThreadPoolTaskExecutor - Initializing ExecutorService 'applicationTaskExecutor'
2020-12-03 00:13:42.196 [main] INFO  s.d.s.web.plugins.DocumentationPluginsBootstrapper - Context refreshed
2020-12-03 00:13:42.267 [main] INFO  s.d.s.web.plugins.DocumentationPluginsBootstrapper - Found 1 custom documentation plugin(s)
2020-12-03 00:13:42.329 [main] INFO  s.d.spring.web.scanners.ApiListingReferenceScanner - Scanning for api listing references
2020-12-03 00:13:42.838 [main] INFO  s.d.s.w.r.operation.CachingOperationNameGenerator - Generating unique operation named: post3UsingPOST_1
2020-12-03 00:13:42.907 [main] INFO  com.example.demo.DemoApplicationTests - Started DemoApplicationTests in 6.502 seconds (JVM running for 8.114)
2020-12-03 00:13:43.486 [SpringContextShutdownHook] INFO  o.s.scheduling.concurrent.ThreadPoolTaskExecutor - Shutting down ExecutorService 'applicationTaskExecutor'
2020-12-03 00:30:01.297 [main] INFO  com.example.demo.DemoApplicationTests - Starting DemoApplicationTests using Java 1.8.0_152 on DESKTOP-GMO2NHC with PID 7456 (started by Administrator in F:\demo)
2020-12-03 00:30:01.456 [main] INFO  com.example.demo.DemoApplicationTests - No active profile set, falling back to default profiles: default
2020-12-03 00:30:04.218 [main] INFO  o.s.c.s.PostProcessorRegistrationDelegate$BeanPostProcessorChecker - Bean 'org.springframework.ws.config.annotation.DelegatingWsConfiguration' of type [org.springframework.ws.config.annotation.DelegatingWsConfiguration$$EnhancerBySpringCGLIB$$5acd4889] is not eligible for getting processed by all BeanPostProcessors (for example: not eligible for auto-proxying)
2020-12-03 00:30:04.353 [main] INFO  o.s.w.s.a.server.AnnotationActionEndpointMapping - Supporting [WS-Addressing August 2004, WS-Addressing 1.0]
2020-12-03 00:30:06.597 [main] INFO  s.d.s.w.PropertySourcedRequestMappingHandlerMapping - Mapped URL path [/v2/api-docs] onto method [springfox.documentation.swagger2.web.Swagger2Controller#getDocumentation(String, HttpServletRequest)]
2020-12-03 00:30:07.211 [main] INFO  com.example.demo.DemoApplicationTests - Starting DemoApplicationTests using Java 1.8.0_152 on DESKTOP-GMO2NHC with PID 13948 (started by Administrator in F:\demo)
2020-12-03 00:30:07.217 [main] INFO  com.example.demo.DemoApplicationTests - No active profile set, falling back to default profiles: default
2020-12-03 00:30:08.108 [main] INFO  o.s.scheduling.concurrent.ThreadPoolTaskExecutor - Initializing ExecutorService 'applicationTaskExecutor'
2020-12-03 00:30:10.102 [main] INFO  s.d.s.web.plugins.DocumentationPluginsBootstrapper - Context refreshed
2020-12-03 00:30:10.208 [main] INFO  s.d.s.web.plugins.DocumentationPluginsBootstrapper - Found 1 custom documentation plugin(s)
2020-12-03 00:30:10.298 [main] INFO  s.d.spring.web.scanners.ApiListingReferenceScanner - Scanning for api listing references
2020-12-03 00:30:11.113 [main] INFO  s.d.s.w.r.operation.CachingOperationNameGenerator - Generating unique operation named: post3UsingPOST_1
2020-12-03 00:30:11.185 [main] INFO  com.example.demo.DemoApplicationTests - Started DemoApplicationTests in 11.029 seconds (JVM running for 13.767)
2020-12-03 00:30:12.023 [main] INFO  o.s.c.s.PostProcessorRegistrationDelegate$BeanPostProcessorChecker - Bean 'org.springframework.ws.config.annotation.DelegatingWsConfiguration' of type [org.springframework.ws.config.annotation.DelegatingWsConfiguration$$EnhancerBySpringCGLIB$$9e1b82d0] is not eligible for getting processed by all BeanPostProcessors (for example: not eligible for auto-proxying)
2020-12-03 00:30:12.171 [SpringContextShutdownHook] INFO  o.s.scheduling.concurrent.ThreadPoolTaskExecutor - Shutting down ExecutorService 'applicationTaskExecutor'
2020-12-03 00:30:12.202 [main] INFO  o.s.w.s.a.server.AnnotationActionEndpointMapping - Supporting [WS-Addressing August 2004, WS-Addressing 1.0]
2020-12-03 00:30:14.428 [main] INFO  s.d.s.w.PropertySourcedRequestMappingHandlerMapping - Mapped URL path [/v2/api-docs] onto method [springfox.documentation.swagger2.web.Swagger2Controller#getDocumentation(String, HttpServletRequest)]
2020-12-03 00:30:16.130 [main] INFO  o.s.scheduling.concurrent.ThreadPoolTaskExecutor - Initializing ExecutorService 'applicationTaskExecutor'
2020-12-03 00:30:18.325 [main] INFO  s.d.s.web.plugins.DocumentationPluginsBootstrapper - Context refreshed
2020-12-03 00:30:18.738 [main] INFO  s.d.s.web.plugins.DocumentationPluginsBootstrapper - Found 1 custom documentation plugin(s)
2020-12-03 00:30:18.806 [main] INFO  s.d.spring.web.scanners.ApiListingReferenceScanner - Scanning for api listing references
2020-12-03 00:30:20.236 [main] INFO  s.d.s.w.r.operation.CachingOperationNameGenerator - Generating unique operation named: post3UsingPOST_1
2020-12-03 00:30:20.484 [main] INFO  com.example.demo.DemoApplicationTests - Started DemoApplicationTests in 14.585 seconds (JVM running for 18.005)
2020-12-03 00:30:21.419 [SpringContextShutdownHook] INFO  o.s.scheduling.concurrent.ThreadPoolTaskExecutor - Shutting down ExecutorService 'applicationTaskExecutor'
2020-12-03 00:31:54.454 [main] INFO  com.example.demo.DemoApplicationTests - Starting DemoApplicationTests using Java 1.8.0_152 on DESKTOP-GMO2NHC with PID 14944 (started by Administrator in F:\demo)
2020-12-03 00:31:54.458 [main] INFO  com.example.demo.DemoApplicationTests - No active profile set, falling back to default profiles: default
2020-12-03 00:31:56.337 [main] INFO  o.s.c.s.PostProcessorRegistrationDelegate$BeanPostProcessorChecker - Bean 'org.springframework.ws.config.annotation.DelegatingWsConfiguration' of type [org.springframework.ws.config.annotation.DelegatingWsConfiguration$$EnhancerBySpringCGLIB$$5acd4889] is not eligible for getting processed by all BeanPostProcessors (for example: not eligible for auto-proxying)
2020-12-03 00:31:56.407 [main] INFO  o.s.w.s.a.server.AnnotationActionEndpointMapping - Supporting [WS-Addressing August 2004, WS-Addressing 1.0]
2020-12-03 00:31:57.807 [main] INFO  s.d.s.w.PropertySourcedRequestMappingHandlerMapping - Mapped URL path [/v2/api-docs] onto method [springfox.documentation.swagger2.web.Swagger2Controller#getDocumentation(String, HttpServletRequest)]
2020-12-03 00:31:58.492 [main] INFO  o.s.scheduling.concurrent.ThreadPoolTaskExecutor - Initializing ExecutorService 'applicationTaskExecutor'
2020-12-03 00:31:59.099 [main] INFO  s.d.s.web.plugins.DocumentationPluginsBootstrapper - Context refreshed
2020-12-03 00:31:59.142 [main] INFO  s.d.s.web.plugins.DocumentationPluginsBootstrapper - Found 1 custom documentation plugin(s)
2020-12-03 00:31:59.204 [main] INFO  s.d.spring.web.scanners.ApiListingReferenceScanner - Scanning for api listing references
2020-12-03 00:31:59.588 [main] INFO  s.d.s.w.r.operation.CachingOperationNameGenerator - Generating unique operation named: post3UsingPOST_1
2020-12-03 00:31:59.652 [main] INFO  com.example.demo.DemoApplicationTests - Started DemoApplicationTests in 5.914 seconds (JVM running for 7.571)
2020-12-03 00:32:00.194 [SpringContextShutdownHook] INFO  o.s.scheduling.concurrent.ThreadPoolTaskExecutor - Shutting down ExecutorService 'applicationTaskExecutor'
2020-12-03 00:33:22.238 [main] INFO  com.example.demo.DemoApplicationTests - Starting DemoApplicationTests using Java 1.8.0_152 on DESKTOP-GMO2NHC with PID 10464 (started by Administrator in F:\demo)
2020-12-03 00:33:22.243 [main] INFO  com.example.demo.DemoApplicationTests - No active profile set, falling back to default profiles: default
2020-12-03 00:33:24.154 [main] INFO  o.s.c.s.PostProcessorRegistrationDelegate$BeanPostProcessorChecker - Bean 'org.springframework.ws.config.annotation.DelegatingWsConfiguration' of type [org.springframework.ws.config.annotation.DelegatingWsConfiguration$$EnhancerBySpringCGLIB$$5acd4889] is not eligible for getting processed by all BeanPostProcessors (for example: not eligible for auto-proxying)
2020-12-03 00:33:24.228 [main] INFO  o.s.w.s.a.server.AnnotationActionEndpointMapping - Supporting [WS-Addressing August 2004, WS-Addressing 1.0]
2020-12-03 00:33:25.541 [main] INFO  s.d.s.w.PropertySourcedRequestMappingHandlerMapping - Mapped URL path [/v2/api-docs] onto method [springfox.documentation.swagger2.web.Swagger2Controller#getDocumentation(String, HttpServletRequest)]
2020-12-03 00:33:26.183 [main] INFO  o.s.scheduling.concurrent.ThreadPoolTaskExecutor - Initializing ExecutorService 'applicationTaskExecutor'
2020-12-03 00:33:26.772 [main] INFO  s.d.s.web.plugins.DocumentationPluginsBootstrapper - Context refreshed
2020-12-03 00:33:26.824 [main] INFO  s.d.s.web.plugins.DocumentationPluginsBootstrapper - Found 1 custom documentation plugin(s)
2020-12-03 00:33:26.883 [main] INFO  s.d.spring.web.scanners.ApiListingReferenceScanner - Scanning for api listing references
2020-12-03 00:33:27.252 [main] INFO  s.d.s.w.r.operation.CachingOperationNameGenerator - Generating unique operation named: post3UsingPOST_1
2020-12-03 00:33:27.325 [main] INFO  com.example.demo.DemoApplicationTests - Started DemoApplicationTests in 5.805 seconds (JVM running for 7.292)
2020-12-03 00:33:27.829 [SpringContextShutdownHook] INFO  o.s.scheduling.concurrent.ThreadPoolTaskExecutor - Shutting down ExecutorService 'applicationTaskExecutor'
2020-12-03 00:33:47.920 [main] INFO  com.example.demo.DemoApplicationTests - Starting DemoApplicationTests using Java 1.8.0_152 on DESKTOP-GMO2NHC with PID 14656 (started by Administrator in F:\demo)
2020-12-03 00:33:47.926 [main] INFO  com.example.demo.DemoApplicationTests - No active profile set, falling back to default profiles: default
2020-12-03 00:33:49.735 [main] INFO  o.s.c.s.PostProcessorRegistrationDelegate$BeanPostProcessorChecker - Bean 'org.springframework.ws.config.annotation.DelegatingWsConfiguration' of type [org.springframework.ws.config.annotation.DelegatingWsConfiguration$$EnhancerBySpringCGLIB$$5acd4889] is not eligible for getting processed by all BeanPostProcessors (for example: not eligible for auto-proxying)
2020-12-03 00:33:49.833 [main] INFO  o.s.w.s.a.server.AnnotationActionEndpointMapping - Supporting [WS-Addressing August 2004, WS-Addressing 1.0]
2020-12-03 00:33:51.125 [main] INFO  s.d.s.w.PropertySourcedRequestMappingHandlerMapping - Mapped URL path [/v2/api-docs] onto method [springfox.documentation.swagger2.web.Swagger2Controller#getDocumentation(String, HttpServletRequest)]
2020-12-03 00:33:51.798 [main] INFO  o.s.scheduling.concurrent.ThreadPoolTaskExecutor - Initializing ExecutorService 'applicationTaskExecutor'
2020-12-03 00:33:52.305 [main] INFO  s.d.s.web.plugins.DocumentationPluginsBootstrapper - Context refreshed
2020-12-03 00:33:52.345 [main] INFO  s.d.s.web.plugins.DocumentationPluginsBootstrapper - Found 1 custom documentation plugin(s)
2020-12-03 00:33:52.416 [main] INFO  s.d.spring.web.scanners.ApiListingReferenceScanner - Scanning for api listing references
2020-12-03 00:33:52.828 [main] INFO  s.d.s.w.r.operation.CachingOperationNameGenerator - Generating unique operation named: post3UsingPOST_1
2020-12-03 00:33:52.903 [main] INFO  com.example.demo.DemoApplicationTests - Started DemoApplicationTests in 5.716 seconds (JVM running for 7.279)
2020-12-03 00:33:53.626 [SpringContextShutdownHook] INFO  o.s.scheduling.concurrent.ThreadPoolTaskExecutor - Shutting down ExecutorService 'applicationTaskExecutor'
2020-12-03 00:34:31.121 [main] INFO  com.example.demo.DemoApplicationTests - Starting DemoApplicationTests using Java 1.8.0_152 on DESKTOP-GMO2NHC with PID 13952 (started by Administrator in F:\demo)
2020-12-03 00:34:31.126 [main] INFO  com.example.demo.DemoApplicationTests - No active profile set, falling back to default profiles: default
2020-12-03 00:34:32.784 [main] INFO  o.s.c.s.PostProcessorRegistrationDelegate$BeanPostProcessorChecker - Bean 'org.springframework.ws.config.annotation.DelegatingWsConfiguration' of type [org.springframework.ws.config.annotation.DelegatingWsConfiguration$$EnhancerBySpringCGLIB$$5acd4889] is not eligible for getting processed by all BeanPostProcessors (for example: not eligible for auto-proxying)
2020-12-03 00:34:32.851 [main] INFO  o.s.w.s.a.server.AnnotationActionEndpointMapping - Supporting [WS-Addressing August 2004, WS-Addressing 1.0]
2020-12-03 00:34:34.184 [main] INFO  s.d.s.w.PropertySourcedRequestMappingHandlerMapping - Mapped URL path [/v2/api-docs] onto method [springfox.documentation.swagger2.web.Swagger2Controller#getDocumentation(String, HttpServletRequest)]
2020-12-03 00:34:34.722 [main] INFO  o.s.scheduling.concurrent.ThreadPoolTaskExecutor - Initializing ExecutorService 'applicationTaskExecutor'
2020-12-03 00:34:35.398 [main] INFO  s.d.s.web.plugins.DocumentationPluginsBootstrapper - Context refreshed
2020-12-03 00:34:35.444 [main] INFO  s.d.s.web.plugins.DocumentationPluginsBootstrapper - Found 1 custom documentation plugin(s)
2020-12-03 00:34:35.502 [main] INFO  s.d.spring.web.scanners.ApiListingReferenceScanner - Scanning for api listing references
2020-12-03 00:34:35.909 [main] INFO  s.d.s.w.r.operation.CachingOperationNameGenerator - Generating unique operation named: post3UsingPOST_1
2020-12-03 00:34:35.978 [main] INFO  com.example.demo.DemoApplicationTests - Started DemoApplicationTests in 5.604 seconds (JVM running for 7.079)
2020-12-03 00:34:36.448 [SpringContextShutdownHook] INFO  o.s.scheduling.concurrent.ThreadPoolTaskExecutor - Shutting down ExecutorService 'applicationTaskExecutor'
2020-12-03 00:36:08.681 [main] INFO  com.example.demo.DemoApplicationTests - Starting DemoApplicationTests using Java 1.8.0_152 on DESKTOP-GMO2NHC with PID 11900 (started by Administrator in F:\demo)
2020-12-03 00:36:08.689 [main] INFO  com.example.demo.DemoApplicationTests - No active profile set, falling back to default profiles: default
2020-12-03 00:36:11.378 [main] INFO  o.s.c.s.PostProcessorRegistrationDelegate$BeanPostProcessorChecker - Bean 'org.springframework.ws.config.annotation.DelegatingWsConfiguration' of type [org.springframework.ws.config.annotation.DelegatingWsConfiguration$$EnhancerBySpringCGLIB$$5acd4889] is not eligible for getting processed by all BeanPostProcessors (for example: not eligible for auto-proxying)
2020-12-03 00:36:11.453 [main] INFO  o.s.w.s.a.server.AnnotationActionEndpointMapping - Supporting [WS-Addressing August 2004, WS-Addressing 1.0]
2020-12-03 00:36:13.520 [main] INFO  s.d.s.w.PropertySourcedRequestMappingHandlerMapping - Mapped URL path [/v2/api-docs] onto method [springfox.documentation.swagger2.web.Swagger2Controller#getDocumentation(String, HttpServletRequest)]
2020-12-03 00:36:14.046 [main] INFO  o.s.scheduling.concurrent.ThreadPoolTaskExecutor - Initializing ExecutorService 'applicationTaskExecutor'
2020-12-03 00:36:14.621 [main] INFO  s.d.s.web.plugins.DocumentationPluginsBootstrapper - Context refreshed
2020-12-03 00:36:14.689 [main] INFO  s.d.s.web.plugins.DocumentationPluginsBootstrapper - Found 1 custom documentation plugin(s)
2020-12-03 00:36:14.771 [main] INFO  s.d.spring.web.scanners.ApiListingReferenceScanner - Scanning for api listing references
2020-12-03 00:36:15.152 [main] INFO  s.d.s.w.r.operation.CachingOperationNameGenerator - Generating unique operation named: post3UsingPOST_1
2020-12-03 00:36:15.217 [main] INFO  com.example.demo.DemoApplicationTests - Started DemoApplicationTests in 7.319 seconds (JVM running for 9.015)
2020-12-03 00:36:15.589 [SpringContextShutdownHook] INFO  o.s.scheduling.concurrent.ThreadPoolTaskExecutor - Shutting down ExecutorService 'applicationTaskExecutor'
2020-12-03 00:36:42.077 [main] INFO  com.example.demo.DemoApplicationTests - Starting DemoApplicationTests using Java 1.8.0_152 on DESKTOP-GMO2NHC with PID 9680 (started by Administrator in F:\demo)
2020-12-03 00:36:42.083 [main] INFO  com.example.demo.DemoApplicationTests - No active profile set, falling back to default profiles: default
2020-12-03 00:36:44.855 [main] INFO  o.s.c.s.PostProcessorRegistrationDelegate$BeanPostProcessorChecker - Bean 'org.springframework.ws.config.annotation.DelegatingWsConfiguration' of type [org.springframework.ws.config.annotation.DelegatingWsConfiguration$$EnhancerBySpringCGLIB$$6bead34] is not eligible for getting processed by all BeanPostProcessors (for example: not eligible for auto-proxying)
2020-12-03 00:36:44.949 [main] INFO  o.s.w.s.a.server.AnnotationActionEndpointMapping - Supporting [WS-Addressing August 2004, WS-Addressing 1.0]
2020-12-03 00:36:47.739 [main] INFO  s.d.s.w.PropertySourcedRequestMappingHandlerMapping - Mapped URL path [/v2/api-docs] onto method [springfox.documentation.swagger2.web.Swagger2Controller#getDocumentation(String, HttpServletRequest)]
2020-12-03 00:36:48.611 [main] INFO  o.s.scheduling.concurrent.ThreadPoolTaskExecutor - Initializing ExecutorService 'applicationTaskExecutor'
2020-12-03 00:36:49.319 [main] INFO  s.d.s.web.plugins.DocumentationPluginsBootstrapper - Context refreshed
2020-12-03 00:36:49.399 [main] INFO  s.d.s.web.plugins.DocumentationPluginsBootstrapper - Found 1 custom documentation plugin(s)
2020-12-03 00:36:49.475 [main] INFO  s.d.spring.web.scanners.ApiListingReferenceScanner - Scanning for api listing references
2020-12-03 00:36:50.040 [main] INFO  s.d.s.w.r.operation.CachingOperationNameGenerator - Generating unique operation named: post3UsingPOST_1
2020-12-03 00:36:50.147 [main] INFO  com.example.demo.DemoApplicationTests - Started DemoApplicationTests in 9.023 seconds (JVM running for 11.99)
2020-12-03 00:36:51.040 [SpringContextShutdownHook] INFO  o.s.scheduling.concurrent.ThreadPoolTaskExecutor - Shutting down ExecutorService 'applicationTaskExecutor'
2020-12-03 00:36:53.779 [main] INFO  com.example.demo.DemoApplicationTests - Starting DemoApplicationTests using Java 1.8.0_152 on DESKTOP-GMO2NHC with PID 3128 (started by Administrator in F:\demo)
2020-12-03 00:36:53.784 [main] INFO  com.example.demo.DemoApplicationTests - No active profile set, falling back to default profiles: default
2020-12-03 00:36:56.766 [main] INFO  o.s.c.s.PostProcessorRegistrationDelegate$BeanPostProcessorChecker - Bean 'org.springframework.ws.config.annotation.DelegatingWsConfiguration' of type [org.springframework.ws.config.annotation.DelegatingWsConfiguration$$EnhancerBySpringCGLIB$$9e1b82d0] is not eligible for getting processed by all BeanPostProcessors (for example: not eligible for auto-proxying)
2020-12-03 00:36:56.847 [main] INFO  o.s.w.s.a.server.AnnotationActionEndpointMapping - Supporting [WS-Addressing August 2004, WS-Addressing 1.0]
2020-12-03 00:36:58.656 [main] INFO  s.d.s.w.PropertySourcedRequestMappingHandlerMapping - Mapped URL path [/v2/api-docs] onto method [springfox.documentation.swagger2.web.Swagger2Controller#getDocumentation(String, HttpServletRequest)]
2020-12-03 00:36:59.524 [main] INFO  o.s.scheduling.concurrent.ThreadPoolTaskExecutor - Initializing ExecutorService 'applicationTaskExecutor'
2020-12-03 00:37:00.729 [main] INFO  s.d.s.web.plugins.DocumentationPluginsBootstrapper - Context refreshed
2020-12-03 00:37:00.797 [main] INFO  s.d.s.web.plugins.DocumentationPluginsBootstrapper - Found 1 custom documentation plugin(s)
2020-12-03 00:37:00.854 [main] INFO  s.d.spring.web.scanners.ApiListingReferenceScanner - Scanning for api listing references
2020-12-03 00:37:01.226 [main] INFO  s.d.s.w.r.operation.CachingOperationNameGenerator - Generating unique operation named: post3UsingPOST_1
2020-12-03 00:37:01.303 [main] INFO  com.example.demo.DemoApplicationTests - Started DemoApplicationTests in 8.947 seconds (JVM running for 12.107)
2020-12-03 00:37:01.748 [SpringContextShutdownHook] INFO  o.s.scheduling.concurrent.ThreadPoolTaskExecutor - Shutting down ExecutorService 'applicationTaskExecutor'
2020-12-03 00:38:21.871 [main] INFO  com.example.demo.DemoApplicationTests - Starting DemoApplicationTests using Java 1.8.0_152 on DESKTOP-GMO2NHC with PID 14080 (started by Administrator in F:\demo)
2020-12-03 00:38:21.876 [main] INFO  com.example.demo.DemoApplicationTests - No active profile set, falling back to default profiles: default
2020-12-03 00:38:23.571 [main] INFO  o.s.c.s.PostProcessorRegistrationDelegate$BeanPostProcessorChecker - Bean 'org.springframework.ws.config.annotation.DelegatingWsConfiguration' of type [org.springframework.ws.config.annotation.DelegatingWsConfiguration$$EnhancerBySpringCGLIB$$5acd4889] is not eligible for getting processed by all BeanPostProcessors (for example: not eligible for auto-proxying)
2020-12-03 00:38:23.642 [main] INFO  o.s.w.s.a.server.AnnotationActionEndpointMapping - Supporting [WS-Addressing August 2004, WS-Addressing 1.0]
2020-12-03 00:38:24.988 [main] INFO  s.d.s.w.PropertySourcedRequestMappingHandlerMapping - Mapped URL path [/v2/api-docs] onto method [springfox.documentation.swagger2.web.Swagger2Controller#getDocumentation(String, HttpServletRequest)]
2020-12-03 00:38:25.518 [main] INFO  o.s.scheduling.concurrent.ThreadPoolTaskExecutor - Initializing ExecutorService 'applicationTaskExecutor'
2020-12-03 00:38:26.194 [main] INFO  s.d.s.web.plugins.DocumentationPluginsBootstrapper - Context refreshed
2020-12-03 00:38:26.236 [main] INFO  s.d.s.web.plugins.DocumentationPluginsBootstrapper - Found 1 custom documentation plugin(s)
2020-12-03 00:38:26.302 [main] INFO  s.d.spring.web.scanners.ApiListingReferenceScanner - Scanning for api listing references
2020-12-03 00:38:26.674 [main] INFO  s.d.s.w.r.operation.CachingOperationNameGenerator - Generating unique operation named: post3UsingPOST_1
2020-12-03 00:38:26.723 [main] INFO  com.example.demo.DemoApplicationTests - Started DemoApplicationTests in 5.605 seconds (JVM running for 7.251)
2020-12-03 00:38:27.289 [SpringContextShutdownHook] INFO  o.s.scheduling.concurrent.ThreadPoolTaskExecutor - Shutting down ExecutorService 'applicationTaskExecutor'
2020-12-03 00:45:53.833 [main] INFO  com.example.demo.DemoApplicationTests - Starting DemoApplicationTests using Java 1.8.0_152 on DESKTOP-GMO2NHC with PID 13976 (started by Administrator in F:\demo)
2020-12-03 00:45:53.839 [main] INFO  com.example.demo.DemoApplicationTests - No active profile set, falling back to default profiles: default
2020-12-03 00:45:55.674 [main] INFO  o.s.c.s.PostProcessorRegistrationDelegate$BeanPostProcessorChecker - Bean 'org.springframework.ws.config.annotation.DelegatingWsConfiguration' of type [org.springframework.ws.config.annotation.DelegatingWsConfiguration$$EnhancerBySpringCGLIB$$59a53698] is not eligible for getting processed by all BeanPostProcessors (for example: not eligible for auto-proxying)
2020-12-03 00:45:55.732 [main] INFO  o.s.w.s.a.server.AnnotationActionEndpointMapping - Supporting [WS-Addressing August 2004, WS-Addressing 1.0]
2020-12-03 00:45:57.266 [main] INFO  s.d.s.w.PropertySourcedRequestMappingHandlerMapping - Mapped URL path [/v2/api-docs] onto method [springfox.documentation.swagger2.web.Swagger2Controller#getDocumentation(String, HttpServletRequest)]
2020-12-03 00:45:57.930 [main] INFO  o.s.scheduling.concurrent.ThreadPoolTaskExecutor - Initializing ExecutorService 'applicationTaskExecutor'
2020-12-03 00:45:58.525 [main] INFO  s.d.s.web.plugins.DocumentationPluginsBootstrapper - Context refreshed
2020-12-03 00:45:58.561 [main] INFO  s.d.s.web.plugins.DocumentationPluginsBootstrapper - Found 1 custom documentation plugin(s)
2020-12-03 00:45:58.616 [main] INFO  s.d.spring.web.scanners.ApiListingReferenceScanner - Scanning for api listing references
2020-12-03 00:45:59.118 [main] INFO  s.d.s.w.r.operation.CachingOperationNameGenerator - Generating unique operation named: post3UsingPOST_1
2020-12-03 00:45:59.185 [main] INFO  com.example.demo.DemoApplicationTests - Started DemoApplicationTests in 6.222 seconds (JVM running for 7.841)
2020-12-03 00:45:59.789 [SpringContextShutdownHook] INFO  o.s.scheduling.concurrent.ThreadPoolTaskExecutor - Shutting down ExecutorService 'applicationTaskExecutor'
2020-12-03 11:30:56.015 [restartedMain] INFO  com.example.demo.DemoApplication - Starting DemoApplication using Java 1.8.0_152 on DESKTOP-GMO2NHC with PID 7316 (F:\Tests\target\classes started by Administrator in F:\Tests)
2020-12-03 11:30:56.052 [restartedMain] INFO  com.example.demo.DemoApplication - No active profile set, falling back to default profiles: default
2020-12-03 11:30:56.163 [restartedMain] INFO  o.s.b.d.env.DevToolsPropertyDefaultsPostProcessor - Devtools property defaults active! Set 'spring.devtools.add-properties' to 'false' to disable
2020-12-03 11:30:56.167 [restartedMain] INFO  o.s.b.d.env.DevToolsPropertyDefaultsPostProcessor - For additional web related logging consider setting the 'logging.level.web' property to 'DEBUG'
2020-12-03 11:30:57.204 [restartedMain] INFO  o.s.c.s.PostProcessorRegistrationDelegate$BeanPostProcessorChecker - Bean 'org.springframework.ws.config.annotation.DelegatingWsConfiguration' of type [org.springframework.ws.config.annotation.DelegatingWsConfiguration$$EnhancerBySpringCGLIB$$32f1fe84] is not eligible for getting processed by all BeanPostProcessors (for example: not eligible for auto-proxying)
2020-12-03 11:30:57.240 [restartedMain] INFO  o.s.w.s.a.server.AnnotationActionEndpointMapping - Supporting [WS-Addressing August 2004, WS-Addressing 1.0]
2020-12-03 11:30:57.573 [restartedMain] INFO  o.s.boot.web.embedded.tomcat.TomcatWebServer - Tomcat initialized with port(s): 8080 (http)
2020-12-03 11:30:57.581 [restartedMain] INFO  org.apache.coyote.http11.Http11NioProtocol - Initializing ProtocolHandler ["http-nio-8080"]
2020-12-03 11:30:57.583 [restartedMain] INFO  org.apache.catalina.core.StandardService - Starting service [Tomcat]
2020-12-03 11:30:57.583 [restartedMain] INFO  org.apache.catalina.core.StandardEngine - Starting Servlet engine: [Apache Tomcat/9.0.39]
2020-12-03 11:30:57.695 [restartedMain] INFO  o.a.c.core.ContainerBase.[Tomcat].[localhost].[/] - Initializing Spring embedded WebApplicationContext
2020-12-03 11:30:57.695 [restartedMain] INFO  o.s.b.w.s.c.ServletWebServerApplicationContext - Root WebApplicationContext: initialization completed in 1526 ms
2020-12-03 11:30:58.090 [restartedMain] INFO  s.d.s.w.PropertySourcedRequestMappingHandlerMapping - Mapped URL path [/v2/api-docs] onto method [springfox.documentation.swagger2.web.Swagger2Controller#getDocumentation(String, HttpServletRequest)]
2020-12-03 11:30:58.162 [restartedMain] INFO  o.s.scheduling.concurrent.ThreadPoolTaskExecutor - Initializing ExecutorService 'applicationTaskExecutor'
2020-12-03 11:30:58.338 [restartedMain] INFO  org.apache.coyote.http11.Http11NioProtocol - Starting ProtocolHandler ["http-nio-8080"]
2020-12-03 11:30:58.352 [restartedMain] INFO  o.s.scheduling.concurrent.ThreadPoolTaskExecutor - Shutting down ExecutorService 'applicationTaskExecutor'
2020-12-03 11:30:58.357 [restartedMain] INFO  org.apache.coyote.http11.Http11NioProtocol - Pausing ProtocolHandler ["http-nio-8080"]
2020-12-03 11:30:58.357 [restartedMain] INFO  org.apache.catalina.core.StandardService - Stopping service [Tomcat]
2020-12-03 11:30:58.363 [restartedMain] INFO  org.apache.coyote.http11.Http11NioProtocol - Stopping ProtocolHandler ["http-nio-8080"]
2020-12-03 11:30:58.364 [restartedMain] INFO  org.apache.coyote.http11.Http11NioProtocol - Destroying ProtocolHandler ["http-nio-8080"]
2020-12-03 11:30:58.370 [restartedMain] INFO  o.s.b.a.l.ConditionEvaluationReportLoggingListener - 

Error starting ApplicationContext. To display the conditions report re-run your application with 'debug' enabled.
2020-12-03 11:31:27.359 [restartedMain] INFO  com.example.demo.DemoApplication - Starting DemoApplication using Java 1.8.0_152 on DESKTOP-GMO2NHC with PID 6328 (F:\Tests\target\classes started by Administrator in F:\Tests)
2020-12-03 11:31:27.364 [restartedMain] INFO  com.example.demo.DemoApplication - No active profile set, falling back to default profiles: default
2020-12-03 11:31:27.443 [restartedMain] INFO  o.s.b.d.env.DevToolsPropertyDefaultsPostProcessor - Devtools property defaults active! Set 'spring.devtools.add-properties' to 'false' to disable
2020-12-03 11:31:27.444 [restartedMain] INFO  o.s.b.d.env.DevToolsPropertyDefaultsPostProcessor - For additional web related logging consider setting the 'logging.level.web' property to 'DEBUG'
2020-12-03 11:31:28.700 [restartedMain] INFO  o.s.c.s.PostProcessorRegistrationDelegate$BeanPostProcessorChecker - Bean 'org.springframework.ws.config.annotation.DelegatingWsConfiguration' of type [org.springframework.ws.config.annotation.DelegatingWsConfiguration$$EnhancerBySpringCGLIB$$32f1fe84] is not eligible for getting processed by all BeanPostProcessors (for example: not eligible for auto-proxying)
2020-12-03 11:31:28.736 [restartedMain] INFO  o.s.w.s.a.server.AnnotationActionEndpointMapping - Supporting [WS-Addressing August 2004, WS-Addressing 1.0]
2020-12-03 11:31:29.038 [restartedMain] INFO  o.s.boot.web.embedded.tomcat.TomcatWebServer - Tomcat initialized with port(s): 8080 (http)
2020-12-03 11:31:29.047 [restartedMain] INFO  org.apache.coyote.http11.Http11NioProtocol - Initializing ProtocolHandler ["http-nio-8080"]
2020-12-03 11:31:29.048 [restartedMain] INFO  org.apache.catalina.core.StandardService - Starting service [Tomcat]
2020-12-03 11:31:29.048 [restartedMain] INFO  org.apache.catalina.core.StandardEngine - Starting Servlet engine: [Apache Tomcat/9.0.39]
2020-12-03 11:31:29.154 [restartedMain] INFO  o.a.c.core.ContainerBase.[Tomcat].[localhost].[/] - Initializing Spring embedded WebApplicationContext
2020-12-03 11:31:29.154 [restartedMain] INFO  o.s.b.w.s.c.ServletWebServerApplicationContext - Root WebApplicationContext: initialization completed in 1708 ms
2020-12-03 11:31:29.528 [restartedMain] INFO  s.d.s.w.PropertySourcedRequestMappingHandlerMapping - Mapped URL path [/v2/api-docs] onto method [springfox.documentation.swagger2.web.Swagger2Controller#getDocumentation(String, HttpServletRequest)]
2020-12-03 11:31:29.604 [restartedMain] INFO  o.s.scheduling.concurrent.ThreadPoolTaskExecutor - Initializing ExecutorService 'applicationTaskExecutor'
2020-12-03 11:31:29.641 [restartedMain] INFO  o.s.b.d.autoconfigure.OptionalLiveReloadServer - LiveReload server is running on port 35729
2020-12-03 11:31:29.780 [restartedMain] INFO  org.apache.coyote.http11.Http11NioProtocol - Starting ProtocolHandler ["http-nio-8080"]
2020-12-03 11:31:29.804 [restartedMain] INFO  o.s.boot.web.embedded.tomcat.TomcatWebServer - Tomcat started on port(s): 8080 (http) with context path ''
2020-12-03 11:31:29.805 [restartedMain] INFO  s.d.s.web.plugins.DocumentationPluginsBootstrapper - Context refreshed
2020-12-03 11:31:29.926 [restartedMain] INFO  s.d.s.web.plugins.DocumentationPluginsBootstrapper - Found 1 custom documentation plugin(s)
2020-12-03 11:31:29.957 [restartedMain] INFO  s.d.spring.web.scanners.ApiListingReferenceScanner - Scanning for api listing references
2020-12-03 11:31:30.137 [restartedMain] INFO  s.d.s.w.r.operation.CachingOperationNameGenerator - Generating unique operation named: post3UsingPOST_1
2020-12-03 11:31:30.167 [restartedMain] INFO  com.example.demo.DemoApplication - Started DemoApplication in 3.588 seconds (JVM running for 7.145)
2020-12-03 11:39:09.303 [Thread-11] INFO  o.s.scheduling.concurrent.ThreadPoolTaskExecutor - Shutting down ExecutorService 'applicationTaskExecutor'
2020-12-03 11:39:09.544 [restartedMain] INFO  com.example.demo.DemoApplication - Starting DemoApplication using Java 1.8.0_152 on DESKTOP-GMO2NHC with PID 6328 (F:\Tests\target\classes started by Administrator in F:\Tests)
2020-12-03 11:39:09.544 [restartedMain] INFO  com.example.demo.DemoApplication - No active profile set, falling back to default profiles: default
2020-12-03 11:39:09.757 [restartedMain] INFO  o.s.c.s.PostProcessorRegistrationDelegate$BeanPostProcessorChecker - Bean 'org.springframework.ws.config.annotation.DelegatingWsConfiguration' of type [org.springframework.ws.config.annotation.DelegatingWsConfiguration$$EnhancerBySpringCGLIB$$32f1fe84] is not eligible for getting processed by all BeanPostProcessors (for example: not eligible for auto-proxying)
2020-12-03 11:39:09.759 [restartedMain] INFO  o.s.w.s.a.server.AnnotationActionEndpointMapping - Supporting [WS-Addressing August 2004, WS-Addressing 1.0]
2020-12-03 11:39:09.901 [restartedMain] INFO  o.s.boot.web.embedded.tomcat.TomcatWebServer - Tomcat initialized with port(s): 8080 (http)
2020-12-03 11:39:09.903 [restartedMain] INFO  org.apache.coyote.http11.Http11NioProtocol - Initializing ProtocolHandler ["http-nio-8080"]
2020-12-03 11:39:09.904 [restartedMain] INFO  org.apache.catalina.core.StandardService - Starting service [Tomcat]
2020-12-03 11:39:09.904 [restartedMain] INFO  org.apache.catalina.core.StandardEngine - Starting Servlet engine: [Apache Tomcat/9.0.39]
2020-12-03 11:39:09.942 [restartedMain] INFO  o.a.c.core.ContainerBase.[Tomcat].[localhost].[/] - Initializing Spring embedded WebApplicationContext
2020-12-03 11:39:09.942 [restartedMain] INFO  o.s.b.w.s.c.ServletWebServerApplicationContext - Root WebApplicationContext: initialization completed in 395 ms
2020-12-03 11:39:09.992 [restartedMain] INFO  o.s.scheduling.concurrent.ThreadPoolTaskExecutor - Initializing ExecutorService 'applicationTaskExecutor'
2020-12-03 11:39:10.064 [restartedMain] INFO  o.s.b.d.autoconfigure.OptionalLiveReloadServer - LiveReload server is running on port 35729
2020-12-03 11:39:10.073 [restartedMain] INFO  org.apache.coyote.http11.Http11NioProtocol - Starting ProtocolHandler ["http-nio-8080"]
2020-12-03 11:39:10.081 [restartedMain] INFO  o.s.boot.web.embedded.tomcat.TomcatWebServer - Tomcat started on port(s): 8080 (http) with context path ''
2020-12-03 11:39:10.089 [restartedMain] INFO  com.example.demo.DemoApplication - Started DemoApplication in 0.612 seconds (JVM running for 467.066)
2020-12-03 11:39:10.091 [restartedMain] INFO  o.s.b.d.a.ConditionEvaluationDeltaLoggingListener - Condition evaluation unchanged
2020-12-03 11:39:37.760 [Thread-20] INFO  o.s.scheduling.concurrent.ThreadPoolTaskExecutor - Shutting down ExecutorService 'applicationTaskExecutor'
2020-12-03 11:39:37.960 [restartedMain] INFO  com.example.demo.DemoApplication - Starting DemoApplication using Java 1.8.0_152 on DESKTOP-GMO2NHC with PID 6328 (F:\Tests\target\classes started by Administrator in F:\Tests)
2020-12-03 11:39:37.960 [restartedMain] INFO  com.example.demo.DemoApplication - No active profile set, falling back to default profiles: default
2020-12-03 11:39:38.333 [restartedMain] INFO  o.s.c.s.PostProcessorRegistrationDelegate$BeanPostProcessorChecker - Bean 'org.springframework.ws.config.annotation.DelegatingWsConfiguration' of type [org.springframework.ws.config.annotation.DelegatingWsConfiguration$$EnhancerBySpringCGLIB$$32f1fe84] is not eligible for getting processed by all BeanPostProcessors (for example: not eligible for auto-proxying)
2020-12-03 11:39:38.335 [restartedMain] INFO  o.s.w.s.a.server.AnnotationActionEndpointMapping - Supporting [WS-Addressing August 2004, WS-Addressing 1.0]
2020-12-03 11:39:38.383 [restartedMain] INFO  o.s.boot.web.embedded.tomcat.TomcatWebServer - Tomcat initialized with port(s): 8080 (http)
2020-12-03 11:39:38.384 [restartedMain] INFO  org.apache.coyote.http11.Http11NioProtocol - Initializing ProtocolHandler ["http-nio-8080"]
2020-12-03 11:39:38.385 [restartedMain] INFO  org.apache.catalina.core.StandardService - Starting service [Tomcat]
2020-12-03 11:39:38.385 [restartedMain] INFO  org.apache.catalina.core.StandardEngine - Starting Servlet engine: [Apache Tomcat/9.0.39]
2020-12-03 11:39:38.425 [restartedMain] INFO  o.a.c.core.ContainerBase.[Tomcat].[localhost].[/] - Initializing Spring embedded WebApplicationContext
2020-12-03 11:39:38.426 [restartedMain] INFO  o.s.b.w.s.c.ServletWebServerApplicationContext - Root WebApplicationContext: initialization completed in 461 ms
2020-12-03 11:39:38.711 [restartedMain] INFO  s.d.s.w.PropertySourcedRequestMappingHandlerMapping - Mapped URL path [/v2/api-docs] onto method [springfox.documentation.swagger2.web.Swagger2Controller#getDocumentation(String, HttpServletRequest)]
2020-12-03 11:39:38.761 [restartedMain] INFO  o.s.scheduling.concurrent.ThreadPoolTaskExecutor - Initializing ExecutorService 'applicationTaskExecutor'
2020-12-03 11:39:38.767 [restartedMain] INFO  o.s.b.d.autoconfigure.OptionalLiveReloadServer - LiveReload server is running on port 35729
2020-12-03 11:39:38.851 [restartedMain] INFO  org.apache.coyote.http11.Http11NioProtocol - Starting ProtocolHandler ["http-nio-8080"]
2020-12-03 11:39:38.860 [restartedMain] INFO  o.s.boot.web.embedded.tomcat.TomcatWebServer - Tomcat started on port(s): 8080 (http) with context path ''
2020-12-03 11:39:38.863 [restartedMain] INFO  s.d.s.web.plugins.DocumentationPluginsBootstrapper - Context refreshed
2020-12-03 11:39:38.864 [restartedMain] INFO  s.d.s.web.plugins.DocumentationPluginsBootstrapper - Found 1 custom documentation plugin(s)
2020-12-03 11:39:38.872 [restartedMain] INFO  s.d.spring.web.scanners.ApiListingReferenceScanner - Scanning for api listing references
2020-12-03 11:39:38.940 [restartedMain] INFO  s.d.s.w.r.operation.CachingOperationNameGenerator - Generating unique operation named: post3UsingPOST_1
2020-12-03 11:39:38.959 [restartedMain] INFO  com.example.demo.DemoApplication - Started DemoApplication in 1.06 seconds (JVM running for 495.936)
2020-12-03 11:39:38.965 [restartedMain] INFO  o.s.b.d.a.ConditionEvaluationDeltaLoggingListener - Condition evaluation delta:


==========================
CONDITION EVALUATION DELTA
==========================


Positive matches:
-----------------

   Swagger2DocumentationConfiguration matched:
      - @ConditionalOnWebApplication (required) found 'session' scope (OnWebApplicationCondition)


Negative matches:
-----------------

    None


Exclusions:
-----------

    None


Unconditional classes:
----------------------

    None



2020-12-03 11:39:42.232 [main] INFO  com.example.demo.DemoApplicationTests - Starting DemoApplicationTests using Java 1.8.0_152 on DESKTOP-GMO2NHC with PID 10324 (started by Administrator in F:\Tests)
2020-12-03 11:39:42.306 [main] INFO  com.example.demo.DemoApplicationTests - No active profile set, falling back to default profiles: default
2020-12-03 11:39:44.833 [main] INFO  o.s.c.s.PostProcessorRegistrationDelegate$BeanPostProcessorChecker - Bean 'org.springframework.ws.config.annotation.DelegatingWsConfiguration' of type [org.springframework.ws.config.annotation.DelegatingWsConfiguration$$EnhancerBySpringCGLIB$$59a53698] is not eligible for getting processed by all BeanPostProcessors (for example: not eligible for auto-proxying)
2020-12-03 11:39:44.951 [main] INFO  o.s.w.s.a.server.AnnotationActionEndpointMapping - Supporting [WS-Addressing August 2004, WS-Addressing 1.0]
2020-12-03 11:39:46.198 [main] INFO  s.d.s.w.PropertySourcedRequestMappingHandlerMapping - Mapped URL path [/v2/api-docs] onto method [springfox.documentation.swagger2.web.Swagger2Controller#getDocumentation(String, HttpServletRequest)]
2020-12-03 11:39:46.755 [main] INFO  o.s.scheduling.concurrent.ThreadPoolTaskExecutor - Initializing ExecutorService 'applicationTaskExecutor'
2020-12-03 11:39:47.260 [main] INFO  s.d.s.web.plugins.DocumentationPluginsBootstrapper - Context refreshed
2020-12-03 11:39:47.296 [main] INFO  s.d.s.web.plugins.DocumentationPluginsBootstrapper - Found 1 custom documentation plugin(s)
2020-12-03 11:39:47.355 [main] INFO  s.d.spring.web.scanners.ApiListingReferenceScanner - Scanning for api listing references
2020-12-03 11:39:47.752 [main] INFO  s.d.s.w.r.operation.CachingOperationNameGenerator - Generating unique operation named: post3UsingPOST_1
2020-12-03 11:39:47.808 [main] INFO  com.example.demo.DemoApplicationTests - Started DemoApplicationTests in 6.611 seconds (JVM running for 8.269)
2020-12-03 11:39:48.303 [SpringContextShutdownHook] INFO  o.s.scheduling.concurrent.ThreadPoolTaskExecutor - Shutting down ExecutorService 'applicationTaskExecutor'
2020-12-03 12:42:36.854 [http-nio-8080-exec-1] INFO  o.a.c.core.ContainerBase.[Tomcat].[localhost].[/] - Initializing Spring DispatcherServlet 'dispatcherServlet'
2020-12-03 12:42:36.856 [http-nio-8080-exec-1] INFO  org.springframework.web.servlet.DispatcherServlet - Initializing Servlet 'dispatcherServlet'
2020-12-03 12:42:36.858 [http-nio-8080-exec-1] INFO  org.springframework.web.servlet.DispatcherServlet - Completed initialization in 2 ms
2020-12-03 12:43:45.567 [restartedMain] INFO  com.example.demo.DemoApplication - Starting DemoApplication using Java 1.8.0_152 on DESKTOP-GMO2NHC with PID 7676 (F:\Tests\target\classes started by Administrator in F:\Tests)
2020-12-03 12:43:45.574 [restartedMain] INFO  com.example.demo.DemoApplication - No active profile set, falling back to default profiles: default
2020-12-03 12:43:45.706 [restartedMain] INFO  o.s.b.d.env.DevToolsPropertyDefaultsPostProcessor - Devtools property defaults active! Set 'spring.devtools.add-properties' to 'false' to disable
2020-12-03 12:43:45.707 [restartedMain] INFO  o.s.b.d.env.DevToolsPropertyDefaultsPostProcessor - For additional web related logging consider setting the 'logging.level.web' property to 'DEBUG'
2020-12-03 12:43:47.032 [restartedMain] INFO  o.s.c.s.PostProcessorRegistrationDelegate$BeanPostProcessorChecker - Bean 'org.springframework.ws.config.annotation.DelegatingWsConfiguration' of type [org.springframework.ws.config.annotation.DelegatingWsConfiguration$$EnhancerBySpringCGLIB$$32f1fe84] is not eligible for getting processed by all BeanPostProcessors (for example: not eligible for auto-proxying)
2020-12-03 12:43:47.073 [restartedMain] INFO  o.s.w.s.a.server.AnnotationActionEndpointMapping - Supporting [WS-Addressing August 2004, WS-Addressing 1.0]
2020-12-03 12:43:47.453 [restartedMain] INFO  o.s.boot.web.embedded.tomcat.TomcatWebServer - Tomcat initialized with port(s): 8080 (http)
2020-12-03 12:43:47.463 [restartedMain] INFO  org.apache.coyote.http11.Http11NioProtocol - Initializing ProtocolHandler ["http-nio-8080"]
2020-12-03 12:43:47.464 [restartedMain] INFO  org.apache.catalina.core.StandardService - Starting service [Tomcat]
2020-12-03 12:43:47.464 [restartedMain] INFO  org.apache.catalina.core.StandardEngine - Starting Servlet engine: [Apache Tomcat/9.0.39]
2020-12-03 12:43:47.584 [restartedMain] INFO  o.a.c.core.ContainerBase.[Tomcat].[localhost].[/] - Initializing Spring embedded WebApplicationContext
2020-12-03 12:43:47.584 [restartedMain] INFO  o.s.b.w.s.c.ServletWebServerApplicationContext - Root WebApplicationContext: initialization completed in 1876 ms
2020-12-03 12:43:48.028 [restartedMain] INFO  s.d.s.w.PropertySourcedRequestMappingHandlerMapping - Mapped URL path [/v2/api-docs] onto method [springfox.documentation.swagger2.web.Swagger2Controller#getDocumentation(String, HttpServletRequest)]
2020-12-03 12:43:48.110 [restartedMain] INFO  o.s.scheduling.concurrent.ThreadPoolTaskExecutor - Initializing ExecutorService 'applicationTaskExecutor'
2020-12-03 12:43:48.156 [restartedMain] INFO  o.s.b.d.autoconfigure.OptionalLiveReloadServer - LiveReload server is running on port 35729
2020-12-03 12:43:48.327 [restartedMain] INFO  org.apache.coyote.http11.Http11NioProtocol - Starting ProtocolHandler ["http-nio-8080"]
2020-12-03 12:43:48.353 [restartedMain] INFO  o.s.boot.web.embedded.tomcat.TomcatWebServer - Tomcat started on port(s): 8080 (http) with context path ''
2020-12-03 12:43:48.354 [restartedMain] INFO  s.d.s.web.plugins.DocumentationPluginsBootstrapper - Context refreshed
2020-12-03 12:43:48.478 [restartedMain] INFO  s.d.s.web.plugins.DocumentationPluginsBootstrapper - Found 1 custom documentation plugin(s)
2020-12-03 12:43:48.515 [restartedMain] INFO  s.d.spring.web.scanners.ApiListingReferenceScanner - Scanning for api listing references
2020-12-03 12:43:48.541 [http-nio-8080-exec-1] INFO  o.a.c.core.ContainerBase.[Tomcat].[localhost].[/] - Initializing Spring DispatcherServlet 'dispatcherServlet'
2020-12-03 12:43:48.542 [http-nio-8080-exec-1] INFO  org.springframework.web.servlet.DispatcherServlet - Initializing Servlet 'dispatcherServlet'
2020-12-03 12:43:48.543 [http-nio-8080-exec-1] INFO  org.springframework.web.servlet.DispatcherServlet - Completed initialization in 1 ms
2020-12-03 12:43:48.772 [restartedMain] INFO  s.d.s.w.r.operation.CachingOperationNameGenerator - Generating unique operation named: post3UsingPOST_1
2020-12-03 12:43:48.816 [restartedMain] INFO  com.example.demo.DemoApplication - Started DemoApplication in 4.139 seconds (JVM running for 6.609)
2020-12-03 12:44:32.234 [http-nio-8080-exec-3] INFO  c.e.d.s.i.impl.ImageRecognitionImpl - {"True":"15条数据已被处理","False":"0条数据处理失败"}
2020-12-03 14:31:18.801 [main] INFO  com.example.demo.DemoApplicationTests - Starting DemoApplicationTests using Java 1.8.0_152 on DESKTOP-GMO2NHC with PID 11800 (started by Administrator in F:\Tests)
2020-12-03 14:31:18.839 [main] INFO  com.example.demo.DemoApplicationTests - No active profile set, falling back to default profiles: default
2020-12-03 14:31:21.226 [main] INFO  o.s.c.s.PostProcessorRegistrationDelegate$BeanPostProcessorChecker - Bean 'org.springframework.ws.config.annotation.DelegatingWsConfiguration' of type [org.springframework.ws.config.annotation.DelegatingWsConfiguration$$EnhancerBySpringCGLIB$$59a53698] is not eligible for getting processed by all BeanPostProcessors (for example: not eligible for auto-proxying)
2020-12-03 14:31:21.287 [main] INFO  o.s.w.s.a.server.AnnotationActionEndpointMapping - Supporting [WS-Addressing August 2004, WS-Addressing 1.0]
2020-12-03 14:31:22.802 [main] INFO  s.d.s.w.PropertySourcedRequestMappingHandlerMapping - Mapped URL path [/v2/api-docs] onto method [springfox.documentation.swagger2.web.Swagger2Controller#getDocumentation(String, HttpServletRequest)]
2020-12-03 14:31:23.508 [main] INFO  o.s.scheduling.concurrent.ThreadPoolTaskExecutor - Initializing ExecutorService 'applicationTaskExecutor'
2020-12-03 14:31:24.382 [main] INFO  s.d.s.web.plugins.DocumentationPluginsBootstrapper - Context refreshed
2020-12-03 14:31:24.438 [main] INFO  s.d.s.web.plugins.DocumentationPluginsBootstrapper - Found 1 custom documentation plugin(s)
2020-12-03 14:31:24.503 [main] INFO  s.d.spring.web.scanners.ApiListingReferenceScanner - Scanning for api listing references
2020-12-03 14:31:25.096 [main] INFO  s.d.s.w.r.operation.CachingOperationNameGenerator - Generating unique operation named: post3UsingPOST_1
2020-12-03 14:31:25.149 [main] INFO  com.example.demo.DemoApplicationTests - Started DemoApplicationTests in 7.16 seconds (JVM running for 9.367)
2020-12-03 14:31:25.798 [SpringContextShutdownHook] INFO  o.s.scheduling.concurrent.ThreadPoolTaskExecutor - Shutting down ExecutorService 'applicationTaskExecutor'
2020-12-03 14:39:21.385 [main] INFO  com.example.demo.DemoApplicationTests - Starting DemoApplicationTests using Java 1.8.0_152 on DESKTOP-GMO2NHC with PID 9292 (started by Administrator in F:\Tests)
2020-12-03 14:39:21.393 [main] INFO  com.example.demo.DemoApplicationTests - No active profile set, falling back to default profiles: default
2020-12-03 14:39:23.043 [main] INFO  o.s.c.s.PostProcessorRegistrationDelegate$BeanPostProcessorChecker - Bean 'org.springframework.ws.config.annotation.DelegatingWsConfiguration' of type [org.springframework.ws.config.annotation.DelegatingWsConfiguration$$EnhancerBySpringCGLIB$$59a53698] is not eligible for getting processed by all BeanPostProcessors (for example: not eligible for auto-proxying)
2020-12-03 14:39:23.119 [main] INFO  o.s.w.s.a.server.AnnotationActionEndpointMapping - Supporting [WS-Addressing August 2004, WS-Addressing 1.0]
2020-12-03 14:39:24.584 [main] INFO  s.d.s.w.PropertySourcedRequestMappingHandlerMapping - Mapped URL path [/v2/api-docs] onto method [springfox.documentation.swagger2.web.Swagger2Controller#getDocumentation(String, HttpServletRequest)]
2020-12-03 14:39:25.147 [main] INFO  o.s.scheduling.concurrent.ThreadPoolTaskExecutor - Initializing ExecutorService 'applicationTaskExecutor'
2020-12-03 14:39:25.601 [main] INFO  s.d.s.web.plugins.DocumentationPluginsBootstrapper - Context refreshed
2020-12-03 14:39:25.633 [main] INFO  s.d.s.web.plugins.DocumentationPluginsBootstrapper - Found 1 custom documentation plugin(s)
2020-12-03 14:39:25.695 [main] INFO  s.d.spring.web.scanners.ApiListingReferenceScanner - Scanning for api listing references
2020-12-03 14:39:26.017 [main] INFO  s.d.s.w.r.operation.CachingOperationNameGenerator - Generating unique operation named: post3UsingPOST_1
2020-12-03 14:39:26.098 [main] INFO  com.example.demo.DemoApplicationTests - Started DemoApplicationTests in 5.529 seconds (JVM running for 7.045)
2020-12-03 14:39:26.554 [SpringContextShutdownHook] INFO  o.s.scheduling.concurrent.ThreadPoolTaskExecutor - Shutting down ExecutorService 'applicationTaskExecutor'
2020-12-03 14:41:40.781 [main] INFO  com.example.demo.DemoApplicationTests - Starting DemoApplicationTests using Java 1.8.0_152 on DESKTOP-GMO2NHC with PID 10300 (started by Administrator in F:\Tests)
2020-12-03 14:41:40.786 [main] INFO  com.example.demo.DemoApplicationTests - No active profile set, falling back to default profiles: default
2020-12-03 14:41:42.670 [main] INFO  o.s.c.s.PostProcessorRegistrationDelegate$BeanPostProcessorChecker - Bean 'org.springframework.ws.config.annotation.DelegatingWsConfiguration' of type [org.springframework.ws.config.annotation.DelegatingWsConfiguration$$EnhancerBySpringCGLIB$$59a53698] is not eligible for getting processed by all BeanPostProcessors (for example: not eligible for auto-proxying)
2020-12-03 14:41:42.784 [main] INFO  o.s.w.s.a.server.AnnotationActionEndpointMapping - Supporting [WS-Addressing August 2004, WS-Addressing 1.0]
2020-12-03 14:41:44.321 [main] INFO  s.d.s.w.PropertySourcedRequestMappingHandlerMapping - Mapped URL path [/v2/api-docs] onto method [springfox.documentation.swagger2.web.Swagger2Controller#getDocumentation(String, HttpServletRequest)]
2020-12-03 14:41:44.895 [main] INFO  o.s.scheduling.concurrent.ThreadPoolTaskExecutor - Initializing ExecutorService 'applicationTaskExecutor'
2020-12-03 14:41:45.519 [main] INFO  s.d.s.web.plugins.DocumentationPluginsBootstrapper - Context refreshed
2020-12-03 14:41:45.593 [main] INFO  s.d.s.web.plugins.DocumentationPluginsBootstrapper - Found 1 custom documentation plugin(s)
2020-12-03 14:41:45.645 [main] INFO  s.d.spring.web.scanners.ApiListingReferenceScanner - Scanning for api listing references
2020-12-03 14:41:46.078 [main] INFO  s.d.s.w.r.operation.CachingOperationNameGenerator - Generating unique operation named: post3UsingPOST_1
2020-12-03 14:41:46.129 [main] INFO  com.example.demo.DemoApplicationTests - Started DemoApplicationTests in 6.104 seconds (JVM running for 7.847)
2020-12-03 14:41:46.604 [SpringContextShutdownHook] INFO  o.s.scheduling.concurrent.ThreadPoolTaskExecutor - Shutting down ExecutorService 'applicationTaskExecutor'
2020-12-03 14:52:46.201 [main] INFO  com.example.demo.DemoApplicationTests - Starting DemoApplicationTests using Java 1.8.0_152 on DESKTOP-GMO2NHC with PID 7632 (started by Administrator in F:\Tests)
2020-12-03 14:52:46.208 [main] INFO  com.example.demo.DemoApplicationTests - No active profile set, falling back to default profiles: default
2020-12-03 14:52:47.912 [main] INFO  o.s.c.s.PostProcessorRegistrationDelegate$BeanPostProcessorChecker - Bean 'org.springframework.ws.config.annotation.DelegatingWsConfiguration' of type [org.springframework.ws.config.annotation.DelegatingWsConfiguration$$EnhancerBySpringCGLIB$$59a53698] is not eligible for getting processed by all BeanPostProcessors (for example: not eligible for auto-proxying)
2020-12-03 14:52:47.995 [main] INFO  o.s.w.s.a.server.AnnotationActionEndpointMapping - Supporting [WS-Addressing August 2004, WS-Addressing 1.0]
2020-12-03 14:52:49.328 [main] INFO  s.d.s.w.PropertySourcedRequestMappingHandlerMapping - Mapped URL path [/v2/api-docs] onto method [springfox.documentation.swagger2.web.Swagger2Controller#getDocumentation(String, HttpServletRequest)]
2020-12-03 14:52:49.900 [main] INFO  o.s.scheduling.concurrent.ThreadPoolTaskExecutor - Initializing ExecutorService 'applicationTaskExecutor'
2020-12-03 14:52:50.446 [main] INFO  s.d.s.web.plugins.DocumentationPluginsBootstrapper - Context refreshed
2020-12-03 14:52:50.480 [main] INFO  s.d.s.web.plugins.DocumentationPluginsBootstrapper - Found 1 custom documentation plugin(s)
2020-12-03 14:52:50.528 [main] INFO  s.d.spring.web.scanners.ApiListingReferenceScanner - Scanning for api listing references
2020-12-03 14:52:50.805 [main] INFO  s.d.s.w.r.operation.CachingOperationNameGenerator - Generating unique operation named: post3UsingPOST_1
2020-12-03 14:52:50.863 [main] INFO  com.example.demo.DemoApplicationTests - Started DemoApplicationTests in 5.414 seconds (JVM running for 6.858)
2020-12-03 14:52:51.274 [SpringContextShutdownHook] INFO  o.s.scheduling.concurrent.ThreadPoolTaskExecutor - Shutting down ExecutorService 'applicationTaskExecutor'
2020-12-03 14:59:24.143 [main] INFO  com.example.demo.DemoApplicationTests - Starting DemoApplicationTests using Java 1.8.0_152 on DESKTOP-GMO2NHC with PID 3552 (started by Administrator in F:\Tests)
2020-12-03 14:59:24.148 [main] INFO  com.example.demo.DemoApplicationTests - No active profile set, falling back to default profiles: default
2020-12-03 14:59:25.942 [main] INFO  o.s.c.s.PostProcessorRegistrationDelegate$BeanPostProcessorChecker - Bean 'org.springframework.ws.config.annotation.DelegatingWsConfiguration' of type [org.springframework.ws.config.annotation.DelegatingWsConfiguration$$EnhancerBySpringCGLIB$$26f4f962] is not eligible for getting processed by all BeanPostProcessors (for example: not eligible for auto-proxying)
2020-12-03 14:59:26.015 [main] INFO  o.s.w.s.a.server.AnnotationActionEndpointMapping - Supporting [WS-Addressing August 2004, WS-Addressing 1.0]
2020-12-03 14:59:27.334 [main] INFO  s.d.s.w.PropertySourcedRequestMappingHandlerMapping - Mapped URL path [/v2/api-docs] onto method [springfox.documentation.swagger2.web.Swagger2Controller#getDocumentation(String, HttpServletRequest)]
2020-12-03 14:59:27.867 [main] INFO  o.s.scheduling.concurrent.ThreadPoolTaskExecutor - Initializing ExecutorService 'applicationTaskExecutor'
2020-12-03 14:59:28.419 [main] INFO  s.d.s.web.plugins.DocumentationPluginsBootstrapper - Context refreshed
2020-12-03 14:59:28.451 [main] INFO  s.d.s.web.plugins.DocumentationPluginsBootstrapper - Found 1 custom documentation plugin(s)
2020-12-03 14:59:28.511 [main] INFO  s.d.spring.web.scanners.ApiListingReferenceScanner - Scanning for api listing references
2020-12-03 14:59:28.792 [main] INFO  s.d.s.w.r.operation.CachingOperationNameGenerator - Generating unique operation named: post3UsingPOST_1
2020-12-03 14:59:28.844 [main] INFO  com.example.demo.DemoApplicationTests - Started DemoApplicationTests in 5.475 seconds (JVM running for 6.995)
2020-12-03 14:59:29.418 [SpringContextShutdownHook] INFO  o.s.scheduling.concurrent.ThreadPoolTaskExecutor - Shutting down ExecutorService 'applicationTaskExecutor'
2020-12-03 15:07:57.297 [main] INFO  com.example.demo.DemoApplicationTests - Starting DemoApplicationTests using Java 1.8.0_152 on DESKTOP-GMO2NHC with PID 2236 (started by Administrator in F:\Tests)
2020-12-03 15:07:57.301 [main] INFO  com.example.demo.DemoApplicationTests - No active profile set, falling back to default profiles: default
2020-12-03 15:07:58.971 [main] INFO  o.s.c.s.PostProcessorRegistrationDelegate$BeanPostProcessorChecker - Bean 'org.springframework.ws.config.annotation.DelegatingWsConfiguration' of type [org.springframework.ws.config.annotation.DelegatingWsConfiguration$$EnhancerBySpringCGLIB$$26f4f962] is not eligible for getting processed by all BeanPostProcessors (for example: not eligible for auto-proxying)
2020-12-03 15:07:59.068 [main] INFO  o.s.w.s.a.server.AnnotationActionEndpointMapping - Supporting [WS-Addressing August 2004, WS-Addressing 1.0]
2020-12-03 15:08:00.254 [main] INFO  s.d.s.w.PropertySourcedRequestMappingHandlerMapping - Mapped URL path [/v2/api-docs] onto method [springfox.documentation.swagger2.web.Swagger2Controller#getDocumentation(String, HttpServletRequest)]
2020-12-03 15:08:00.902 [main] INFO  o.s.scheduling.concurrent.ThreadPoolTaskExecutor - Initializing ExecutorService 'applicationTaskExecutor'
2020-12-03 15:08:01.345 [main] INFO  s.d.s.web.plugins.DocumentationPluginsBootstrapper - Context refreshed
2020-12-03 15:08:01.377 [main] INFO  s.d.s.web.plugins.DocumentationPluginsBootstrapper - Found 1 custom documentation plugin(s)
2020-12-03 15:08:01.431 [main] INFO  s.d.spring.web.scanners.ApiListingReferenceScanner - Scanning for api listing references
2020-12-03 15:08:01.741 [main] INFO  s.d.s.w.r.operation.CachingOperationNameGenerator - Generating unique operation named: post3UsingPOST_1
2020-12-03 15:08:01.815 [main] INFO  com.example.demo.DemoApplicationTests - Started DemoApplicationTests in 5.328 seconds (JVM running for 7.177)
2020-12-03 15:08:02.290 [SpringContextShutdownHook] INFO  o.s.scheduling.concurrent.ThreadPoolTaskExecutor - Shutting down ExecutorService 'applicationTaskExecutor'
2020-12-03 15:30:18.757 [main] INFO  com.example.demo.DemoApplicationTests - Starting DemoApplicationTests using Java 1.8.0_152 on DESKTOP-GMO2NHC with PID 10636 (started by Administrator in F:\Tests)
2020-12-03 15:30:18.765 [main] INFO  com.example.demo.DemoApplicationTests - No active profile set, falling back to default profiles: default
2020-12-03 15:30:20.442 [main] INFO  o.s.c.s.PostProcessorRegistrationDelegate$BeanPostProcessorChecker - Bean 'org.springframework.ws.config.annotation.DelegatingWsConfiguration' of type [org.springframework.ws.config.annotation.DelegatingWsConfiguration$$EnhancerBySpringCGLIB$$26f4f962] is not eligible for getting processed by all BeanPostProcessors (for example: not eligible for auto-proxying)
2020-12-03 15:30:20.528 [main] INFO  o.s.w.s.a.server.AnnotationActionEndpointMapping - Supporting [WS-Addressing August 2004, WS-Addressing 1.0]
2020-12-03 15:30:21.796 [main] INFO  s.d.s.w.PropertySourcedRequestMappingHandlerMapping - Mapped URL path [/v2/api-docs] onto method [springfox.documentation.swagger2.web.Swagger2Controller#getDocumentation(String, HttpServletRequest)]
2020-12-03 15:30:22.372 [main] INFO  o.s.scheduling.concurrent.ThreadPoolTaskExecutor - Initializing ExecutorService 'applicationTaskExecutor'
2020-12-03 15:30:22.898 [main] INFO  s.d.s.web.plugins.DocumentationPluginsBootstrapper - Context refreshed
2020-12-03 15:30:22.941 [main] INFO  s.d.s.web.plugins.DocumentationPluginsBootstrapper - Found 1 custom documentation plugin(s)
2020-12-03 15:30:23.010 [main] INFO  s.d.spring.web.scanners.ApiListingReferenceScanner - Scanning for api listing references
2020-12-03 15:30:23.525 [main] INFO  s.d.s.w.r.operation.CachingOperationNameGenerator - Generating unique operation named: post3UsingPOST_1
2020-12-03 15:30:23.643 [main] INFO  com.example.demo.DemoApplicationTests - Started DemoApplicationTests in 5.584 seconds (JVM running for 7.164)
2020-12-03 15:30:24.199 [SpringContextShutdownHook] INFO  o.s.scheduling.concurrent.ThreadPoolTaskExecutor - Shutting down ExecutorService 'applicationTaskExecutor'
2020-12-03 15:34:27.582 [main] INFO  com.example.demo.DemoApplicationTests - Starting DemoApplicationTests using Java 1.8.0_152 on DESKTOP-GMO2NHC with PID 1428 (started by Administrator in F:\Tests)
2020-12-03 15:34:27.587 [main] INFO  com.example.demo.DemoApplicationTests - No active profile set, falling back to default profiles: default
2020-12-03 15:34:29.342 [main] INFO  o.s.c.s.PostProcessorRegistrationDelegate$BeanPostProcessorChecker - Bean 'org.springframework.ws.config.annotation.DelegatingWsConfiguration' of type [org.springframework.ws.config.annotation.DelegatingWsConfiguration$$EnhancerBySpringCGLIB$$59a53698] is not eligible for getting processed by all BeanPostProcessors (for example: not eligible for auto-proxying)
2020-12-03 15:34:29.415 [main] INFO  o.s.w.s.a.server.AnnotationActionEndpointMapping - Supporting [WS-Addressing August 2004, WS-Addressing 1.0]
2020-12-03 15:34:30.804 [main] INFO  s.d.s.w.PropertySourcedRequestMappingHandlerMapping - Mapped URL path [/v2/api-docs] onto method [springfox.documentation.swagger2.web.Swagger2Controller#getDocumentation(String, HttpServletRequest)]
2020-12-03 15:34:31.616 [main] INFO  o.s.scheduling.concurrent.ThreadPoolTaskExecutor - Initializing ExecutorService 'applicationTaskExecutor'
2020-12-03 15:34:32.255 [main] INFO  s.d.s.web.plugins.DocumentationPluginsBootstrapper - Context refreshed
2020-12-03 15:34:32.297 [main] INFO  s.d.s.web.plugins.DocumentationPluginsBootstrapper - Found 1 custom documentation plugin(s)
2020-12-03 15:34:32.343 [main] INFO  s.d.spring.web.scanners.ApiListingReferenceScanner - Scanning for api listing references
2020-12-03 15:34:32.793 [main] INFO  s.d.s.w.r.operation.CachingOperationNameGenerator - Generating unique operation named: post3UsingPOST_1
2020-12-03 15:34:32.887 [main] INFO  com.example.demo.DemoApplicationTests - Started DemoApplicationTests in 6.085 seconds (JVM running for 7.81)
2020-12-03 15:34:33.509 [SpringContextShutdownHook] INFO  o.s.scheduling.concurrent.ThreadPoolTaskExecutor - Shutting down ExecutorService 'applicationTaskExecutor'
